2018-08-22 16:55:31,246 CRIT Supervisor running as root (no user in config file)
2018-08-22 16:55:31,246 WARN No file matches via include "/home/xiakai/www/cto_rabbit/src/Pcntl/Conf/*.ini"
2018-08-22 16:55:31,594 CRIT Server 'unix_http_server' running without any HTTP authentication checking
2018-08-22 16:55:31,596 INFO daemonizing the supervisord process
2018-08-22 16:55:31,597 INFO supervisord started with pid 17672
2018-08-22 16:57:01,822 CRIT Supervisor running as root (no user in config file)
2018-08-22 16:57:01,822 WARN No file matches via include "/home/xiakai/www/cto_rabbit/src/Pcntl/Conf/*.ini"
2018-08-22 16:57:57,717 CRIT Supervisor running as root (no user in config file)
2018-08-22 16:57:57,717 WARN No file matches via include "/home/xiakai/www/cto_rabbit/src/Pcntl/Conf/*.ini"
2018-08-22 16:57:57,724 INFO RPC interface 'supervisor' initialized
2018-08-22 16:57:57,724 CRIT Server 'unix_http_server' running without any HTTP authentication checking
2018-08-22 16:57:57,724 INFO daemonizing the supervisord process
2018-08-22 16:57:57,725 INFO supervisord started with pid 18011
2018-08-22 17:02:35,619 WARN received SIGTERM indicating exit request
2018-08-22 17:02:42,510 CRIT Supervisor running as root (no user in config file)
2018-08-22 17:02:42,510 WARN No file matches via include "/home/xiakai/www/cto_rabbit/src/Pcntl/Conf/*.ini"
2018-08-22 17:02:55,475 CRIT Supervisor running as root (no user in config file)
2018-08-22 17:02:55,476 WARN No file matches via include "/home/xiakai/www/cto_rabbit/src/Pcntl/Conf/*.ini"
2018-08-22 17:04:52,128 CRIT Supervisor running as root (no user in config file)
2018-08-22 17:04:52,128 WARN No file matches via include "/home/xiakai/www/cto_rabbit/src/Pcntl/Conf/*.ini"
2018-08-22 17:05:05,467 CRIT Supervisor running as root (no user in config file)
2018-08-22 17:05:05,468 WARN No file matches via include "/home/xiakai/www/cto_rabbit/src/Pcntl/Conf/*.ini"
2018-08-22 17:05:23,055 CRIT Supervisor running as root (no user in config file)
2018-08-22 17:05:23,055 WARN No file matches via include "/home/xiakai/www/cto_rabbit/src/Pcntl/Conf/*.ini"
2018-08-22 17:06:44,747 CRIT Supervisor running as root (no user in config file)
2018-08-22 17:06:44,747 WARN No file matches via include "/home/xiakai/www/cto_rabbit/src/Pcntl/Conf/*.ini"
2018-08-22 17:06:55,956 CRIT Supervisor running as root (no user in config file)
2018-08-22 17:06:55,956 WARN No file matches via include "/home/xiakai/www/cto_rabbit/src/Pcntl/Conf/*.ini"
2018-08-22 17:07:19,406 CRIT Supervisor running as root (no user in config file)
2018-08-22 17:07:19,406 WARN No file matches via include "/home/xiakai/www/cto_rabbit/src/Pcntl/Conf/*.ini"
2018-08-22 17:09:41,481 CRIT Supervisor running as root (no user in config file)
2018-08-22 17:09:41,481 WARN No file matches via include "/home/xiakai/www/cto_rabbit/src/Pcntl/Conf/*.ini"
2018-08-22 17:09:41,488 INFO RPC interface 'supervisor' initialized
2018-08-22 17:09:52,245 CRIT Supervisor running as root (no user in config file)
2018-08-22 17:09:52,245 WARN No file matches via include "/home/xiakai/www/cto_rabbit/src/Pcntl/Conf/*.ini"
2018-08-22 17:09:52,252 INFO RPC interface 'supervisor' initialized
2018-08-22 17:10:14,785 CRIT Set uid to user 1000
2018-08-22 17:10:14,785 WARN No file matches via include "/home/xiakai/www/cto_rabbit/src/Pcntl/Conf/*.ini"
2018-08-22 17:10:14,791 INFO RPC interface 'supervisor' initialized
2018-08-22 17:10:29,637 CRIT Set uid to user 1000
2018-08-22 17:10:29,637 WARN No file matches via include "/home/xiakai/www/cto_rabbit/src/Pcntl/Conf/*.ini"
2018-08-22 17:10:29,644 INFO RPC interface 'supervisor' initialized
2018-08-22 17:10:32,995 CRIT Set uid to user 1000
2018-08-22 17:10:32,995 WARN No file matches via include "/home/xiakai/www/cto_rabbit/src/Pcntl/Conf/*.ini"
2018-08-22 17:10:33,002 INFO RPC interface 'supervisor' initialized
2018-08-22 17:11:28,388 CRIT Set uid to user 1000
2018-08-22 17:11:28,388 WARN No file matches via include "/home/xiakai/www/cto_rabbit/src/Pcntl/Conf/*.ini"
2018-08-22 17:11:28,395 INFO RPC interface 'supervisor' initialized
2018-08-22 17:11:28,395 INFO RPC interface 'supervisor' initialized
2018-08-22 17:11:28,395 CRIT Server 'unix_http_server' running without any HTTP authentication checking
2018-08-22 17:11:28,396 INFO daemonizing the supervisord process
2018-08-22 17:11:28,396 INFO supervisord started with pid 20066
2018-08-22 17:12:19,009 WARN received SIGTERM indicating exit request
2018-08-22 17:12:23,465 WARN No file matches via include "/home/xiakai/www/cto_rabbit/src/Pcntl/Conf/*.ini"
2018-08-22 17:12:23,472 INFO RPC interface 'supervisor' initialized
2018-08-22 17:12:23,472 CRIT Server 'unix_http_server' running without any HTTP authentication checking
2018-08-22 17:12:23,473 INFO daemonizing the supervisord process
2018-08-22 17:12:23,473 INFO supervisord started with pid 20176
2018-08-22 17:14:52,128 WARN received SIGTERM indicating exit request
2018-08-22 17:14:55,009 WARN No file matches via include "/home/xiakai/www/cto_rabbit/src/Pcntl/Conf/*.ini"
2018-08-22 17:15:10,261 WARN No file matches via include "/home/xiakai/www/cto_rabbit/src/Pcntl/Conf/*.ini"
2018-08-22 17:15:10,268 INFO RPC interface 'supervisor' initialized
2018-08-22 17:15:10,269 CRIT Server 'unix_http_server' running without any HTTP authentication checking
2018-08-22 17:15:10,269 INFO daemonizing the supervisord process
2018-08-22 17:15:10,269 INFO supervisord started with pid 20459
2018-08-22 17:16:03,877 WARN received SIGTERM indicating exit request
2018-08-22 17:16:29,593 CRIT Supervisor running as root (no user in config file)
2018-08-22 17:16:29,593 WARN No file matches via include "/home/xiakai/www/cto_rabbit/src/Pcntl/Conf/*.ini"
2018-08-22 17:17:15,025 CRIT Supervisor running as root (no user in config file)
2018-08-22 17:17:15,025 WARN No file matches via include "/home/xiakai/www/cto_rabbit/src/Pcntl/Conf/*.ini"
2018-08-22 17:18:32,907 WARN Included extra file "/home/xiakai/www/cto_rabbit/src/Pcntl/Conf/tail.ini" during parsing
2018-08-22 17:18:50,751 WARN Included extra file "/home/xiakai/www/cto_rabbit/src/Pcntl/Conf/tail.ini" during parsing
2018-08-22 17:19:04,289 CRIT Supervisor running as root (no user in config file)
2018-08-22 17:19:04,289 WARN Included extra file "/home/xiakai/www/cto_rabbit/src/Pcntl/Conf/tail.ini" during parsing
2018-08-22 17:19:35,839 WARN Included extra file "/home/xiakai/www/cto_rabbit/src/Pcntl/Conf/tail.ini" during parsing
2018-08-22 17:19:35,840 WARN Failed to clean up '/tmp/tail-stdout---supervisor-jfm5BU.log'
2018-08-22 17:19:35,840 WARN Failed to clean up '/tmp/tail-stderr---supervisor-e4Z8Jn.log'
2018-08-22 17:19:41,269 CRIT Supervisor running as root (no user in config file)
2018-08-22 17:19:41,269 WARN Included extra file "/home/xiakai/www/cto_rabbit/src/Pcntl/Conf/tail.ini" during parsing
2018-08-22 17:20:03,743 CRIT Supervisor running as root (no user in config file)
2018-08-22 17:20:03,743 WARN Included extra file "/home/xiakai/www/cto_rabbit/src/Pcntl/Conf/tail.ini" during parsing
2018-08-22 17:20:17,962 CRIT Supervisor running as root (no user in config file)
2018-08-22 17:20:17,962 WARN Included extra file "/home/xiakai/www/cto_rabbit/src/Pcntl/Conf/tail.ini" during parsing
2018-08-22 17:20:52,869 CRIT Supervisor running as root (no user in config file)
2018-08-22 17:20:52,869 WARN Included extra file "/home/xiakai/www/cto_rabbit/src/Pcntl/Conf/tail.ini" during parsing
2018-08-22 17:21:11,560 WARN Included extra file "/home/xiakai/www/cto_rabbit/src/Pcntl/Conf/tail.ini" during parsing
2018-08-22 17:21:11,561 WARN Failed to clean up '/tmp/tail-stdout---supervisor-OD0hqf.log'
2018-08-22 17:21:11,561 WARN Failed to clean up '/tmp/tail-stderr---supervisor-2FqVpT.log'
2018-08-22 17:21:37,789 WARN Included extra file "/home/xiakai/www/cto_rabbit/src/Pcntl/Conf/tail.ini" during parsing
2018-08-22 17:21:37,790 WARN Failed to clean up '/tmp/tail-stdout---supervisor-OD0hqf.log'
2018-08-22 17:21:37,790 WARN Failed to clean up '/tmp/tail-stderr---supervisor-2FqVpT.log'
2018-08-22 17:21:51,396 CRIT Supervisor running as root (no user in config file)
2018-08-22 17:21:51,396 WARN Included extra file "/home/xiakai/www/cto_rabbit/src/Pcntl/Conf/tail.ini" during parsing
2018-08-22 17:22:35,988 CRIT Supervisor running as root (no user in config file)
2018-08-22 17:22:35,988 WARN Included extra file "/home/xiakai/www/cto_rabbit/src/Pcntl/Conf/tail.ini" during parsing
2018-08-22 17:22:40,355 WARN Included extra file "/home/xiakai/www/cto_rabbit/src/Pcntl/Conf/tail.ini" during parsing
2018-08-22 17:22:40,356 WARN Failed to clean up '/tmp/tail-stdout---supervisor-Tmp552.log'
2018-08-22 17:22:40,356 WARN Failed to clean up '/tmp/tail-stderr---supervisor-Dash8w.log'
2018-08-22 17:23:04,975 WARN Included extra file "/home/xiakai/www/cto_rabbit/src/Pcntl/Conf/tail.ini" during parsing
2018-08-22 17:23:04,976 WARN Failed to clean up '/tmp/tail-stderr---supervisor-Dash8w.log'
2018-08-22 17:23:06,863 WARN Included extra file "/home/xiakai/www/cto_rabbit/src/Pcntl/Conf/tail.ini" during parsing
2018-08-22 17:23:06,863 WARN Failed to clean up '/tmp/tail-stderr---supervisor-Dash8w.log'
2018-08-22 17:25:33,260 WARN Included extra file "/home/xiakai/www/cto_rabbit/src/Pcntl/Conf/tail.ini" during parsing
2018-08-22 17:25:33,261 WARN Failed to clean up '/tmp/tail-stderr---supervisor-Dash8w.log'
2018-08-22 17:25:33,269 INFO RPC interface 'supervisor' initialized
2018-08-22 17:25:33,269 CRIT Server 'unix_http_server' running without any HTTP authentication checking
2018-08-22 17:25:33,269 INFO supervisord started with pid 21615
2018-08-22 17:25:34,272 INFO spawned: 'tail' with pid 21620
2018-08-22 17:25:37,282 INFO success: tail entered RUNNING state, process has stayed up for > than 3 seconds (startsecs)
2018-08-22 17:25:43,557 WARN received SIGINT indicating exit request
2018-08-22 17:25:43,558 INFO waiting for tail to die
2018-08-22 17:25:43,573 INFO stopped: tail (terminated by SIGTERM)
2018-08-22 17:25:48,419 WARN Included extra file "/home/xiakai/www/cto_rabbit/src/Pcntl/Conf/tail.ini" during parsing
2018-08-22 17:25:48,419 WARN Failed to clean up '/tmp/tail-stderr---supervisor-Dash8w.log'
2018-08-22 17:25:48,427 INFO RPC interface 'supervisor' initialized
2018-08-22 17:25:48,427 CRIT Server 'unix_http_server' running without any HTTP authentication checking
2018-08-22 17:25:48,427 INFO daemonizing the supervisord process
2018-08-22 17:25:48,428 INFO supervisord started with pid 21685
2018-08-22 17:25:49,432 INFO spawned: 'tail' with pid 21686
2018-08-22 17:25:52,445 INFO success: tail entered RUNNING state, process has stayed up for > than 3 seconds (startsecs)
2018-08-22 17:26:37,314 WARN received SIGTERM indicating exit request
2018-08-22 17:26:37,314 INFO waiting for tail to die
2018-08-22 17:26:37,325 INFO stopped: tail (terminated by SIGTERM)
2018-08-22 17:26:42,616 WARN Included extra file "/home/xiakai/www/cto_rabbit/src/Pcntl/Conf/tail.ini" during parsing
2018-08-22 17:26:42,617 WARN Failed to clean up '/tmp/tail-stderr---supervisor-Dash8w.log'
2018-08-22 17:26:42,624 INFO RPC interface 'supervisor' initialized
2018-08-22 17:26:42,624 CRIT Server 'unix_http_server' running without any HTTP authentication checking
2018-08-22 17:26:42,625 INFO daemonizing the supervisord process
2018-08-22 17:26:42,625 INFO supervisord started with pid 21800
2018-08-22 17:26:43,629 INFO spawned: 'tail' with pid 21803
2018-08-22 17:26:46,736 INFO success: tail entered RUNNING state, process has stayed up for > than 3 seconds (startsecs)
2018-08-22 17:27:09,412 INFO waiting for tail to stop
2018-08-22 17:27:09,417 INFO stopped: tail (terminated by SIGTERM)
2018-08-22 17:27:19,027 WARN received SIGTERM indicating exit request
2018-08-22 17:27:34,372 WARN Included extra file "/home/xiakai/www/cto_rabbit/src/Pcntl/Conf/tail.ini" during parsing
2018-08-22 17:27:34,372 WARN Failed to clean up '/tmp/tail-stderr---supervisor-Dash8w.log'
2018-08-22 17:27:34,380 INFO RPC interface 'supervisor' initialized
2018-08-22 17:27:34,381 CRIT Server 'unix_http_server' running without any HTTP authentication checking
2018-08-22 17:27:34,381 INFO daemonizing the supervisord process
2018-08-22 17:27:34,381 INFO supervisord started with pid 21887
2018-08-22 17:27:35,386 INFO spawned: 'tail' with pid 21888
2018-08-22 17:27:36,534 INFO waiting for tail to stop
2018-08-22 17:27:36,541 INFO stopped: tail (terminated by SIGTERM)
2018-08-22 17:27:41,400 INFO spawned: 'tail' with pid 21933
2018-08-22 17:27:44,406 INFO success: tail entered RUNNING state, process has stayed up for > than 3 seconds (startsecs)
2018-08-22 17:28:07,906 WARN received SIGTERM indicating exit request
2018-08-22 17:28:07,907 INFO waiting for tail to die
2018-08-22 17:28:07,921 INFO stopped: tail (terminated by SIGTERM)
2018-08-22 18:10:21,617 WARN Included extra file "/home/xiakai/www/cto_rabbit/src/Pcntl/Conf/tail.ini" during parsing
2018-08-22 18:10:21,617 WARN Failed to clean up '/tmp/tail-stderr---supervisor-Dash8w.log'
2018-08-22 18:10:21,625 INFO RPC interface 'supervisor' initialized
2018-08-22 18:10:21,625 CRIT Server 'unix_http_server' running without any HTTP authentication checking
2018-08-22 18:10:21,626 INFO daemonizing the supervisord process
2018-08-22 18:10:21,626 INFO supervisord started with pid 27110
2018-08-22 18:10:22,631 INFO spawned: 'tail' with pid 27111
2018-08-22 18:10:25,643 INFO success: tail entered RUNNING state, process has stayed up for > than 3 seconds (startsecs)
